
program.elf:     file format elf64-littleriscv


Disassembly of section .text:

0000000000000000 <_start>:
   0:	00002117          	auipc	sp,0x2
   4:	00010113          	mv	sp,sp
   8:	008000ef          	jal	10 <_etext>
   c:	ff5ff06f          	j	0 <_start>

Disassembly of section .text.startup:

0000000000000010 <main>:
  10:	deadc7b7          	lui	a5,0xdeadc
  14:	eef78793          	addi	a5,a5,-273 # ffffffffdeadbeef <_stack_start+0xffffffffdead9eef>
  18:	60f02023          	sw	a5,1536(zero) # 600 <main+0x5f0>
  1c:	0000006f          	j	1c <main+0xc>

Disassembly of section .comment:

0000000000000000 <.comment>:
   0:	3a434347          	.insn	4, 0x3a434347
   4:	2820                	.insn	2, 0x2820
   6:	3331                	.insn	2, 0x3331
   8:	322e                	.insn	2, 0x322e
   a:	302e                	.insn	2, 0x302e
   c:	312d                	.insn	2, 0x312d
   e:	7531                	.insn	2, 0x7531
  10:	7562                	.insn	2, 0x7562
  12:	746e                	.insn	2, 0x746e
  14:	3175                	.insn	2, 0x3175
  16:	2932312b          	.insn	4, 0x2932312b
  1a:	3120                	.insn	2, 0x3120
  1c:	2e322e33          	.insn	4, 0x2e322e33
  20:	0030                	.insn	2, 0x0030

Disassembly of section .riscv.attributes:

0000000000000000 <.riscv.attributes>:
   0:	2441                	.insn	2, 0x2441
   2:	0000                	.insn	2, 0x
   4:	7200                	.insn	2, 0x7200
   6:	7369                	.insn	2, 0x7369
   8:	01007663          	bgeu	zero,a6,14 <main+0x4>
   c:	001a                	.insn	2, 0x001a
   e:	0000                	.insn	2, 0x
  10:	1004                	.insn	2, 0x1004
  12:	7205                	.insn	2, 0x7205
  14:	3676                	.insn	2, 0x3676
  16:	6934                	.insn	2, 0x6934
  18:	7032                	.insn	2, 0x7032
  1a:	5f31                	.insn	2, 0x5f31
  1c:	697a                	.insn	2, 0x697a
  1e:	32727363          	bgeu	tp,t2,344 <main+0x334>
  22:	3070                	.insn	2, 0x3070
	...
