
program.elf:     file format elf32-littleriscv


Disassembly of section .text:

00000000 <write_to_peripheral>:
   0:	1a0007b7          	lui	a5,0x1a000
   4:	00a7a023          	sw	a0,0(a5) # 1a000000 <_bss_end+0x19fefffc>
   8:	00008067          	ret

0000000c <main>:
   c:	fffff2b7          	lui	t0,0xfffff
  10:	06028293          	addi	t0,t0,96 # fffff060 <_bss_end+0xfffef05c>
  14:	00510133          	add	sp,sp,t0
  18:	00010793          	mv	a5,sp
  1c:	00010693          	mv	a3,sp
  20:	00000713          	li	a4,0
  24:	3e800613          	li	a2,1000
  28:	00170713          	addi	a4,a4,1
  2c:	00e6a023          	sw	a4,0(a3)
  30:	00468693          	addi	a3,a3,4
  34:	fec71ae3          	bne	a4,a2,28 <main+0x1c>
  38:	00001637          	lui	a2,0x1
  3c:	fa060613          	addi	a2,a2,-96 # fa0 <_start+0xf2c>
  40:	00c78633          	add	a2,a5,a2
  44:	00000713          	li	a4,0
  48:	0007a683          	lw	a3,0(a5)
  4c:	00478793          	addi	a5,a5,4
  50:	00d70733          	add	a4,a4,a3
  54:	fec79ae3          	bne	a5,a2,48 <main+0x3c>
  58:	1a0007b7          	lui	a5,0x1a000
  5c:	000012b7          	lui	t0,0x1
  60:	00e7a023          	sw	a4,0(a5) # 1a000000 <_bss_end+0x19fefffc>
  64:	fa028293          	addi	t0,t0,-96 # fa0 <_start+0xf2c>
  68:	00000513          	li	a0,0
  6c:	00510133          	add	sp,sp,t0
  70:	00008067          	ret

00000074 <_start>:
  74:	00010117          	auipc	sp,0x10
  78:	f8c10113          	addi	sp,sp,-116 # 10000 <_stack_top>
  7c:	f91ff0ef          	jal	c <main>
  80:	ff5ff06f          	j	74 <_start>

Disassembly of section .data:

00010000 <_stack_top>:
   10000:	0000                	.insn	2, 0x
   10002:	0002                	.insn	2, 0x0002

Disassembly of section .comment:

00000000 <.comment>:
   0:	3a434347          	.insn	4, 0x3a434347
   4:	2820                	.insn	2, 0x2820
   6:	36343067          	.insn	4, 0x36343067
   a:	3639                	.insn	2, 0x3639
   c:	6664                	.insn	2, 0x6664
   e:	3930                	.insn	2, 0x3930
  10:	3336                	.insn	2, 0x3336
  12:	2029                	.insn	2, 0x2029
  14:	3431                	.insn	2, 0x3431
  16:	322e                	.insn	2, 0x322e
  18:	302e                	.insn	2, 0x302e
	...

Disassembly of section .riscv.attributes:

00000000 <.riscv.attributes>:
   0:	1b41                	.insn	2, 0x1b41
   2:	0000                	.insn	2, 0x
   4:	7200                	.insn	2, 0x7200
   6:	7369                	.insn	2, 0x7369
   8:	01007663          	bgeu	zero,a6,14 <main+0x8>
   c:	0011                	.insn	2, 0x0011
   e:	0000                	.insn	2, 0x
  10:	1004                	.insn	2, 0x1004
  12:	7205                	.insn	2, 0x7205
  14:	3376                	.insn	2, 0x3376
  16:	6932                	.insn	2, 0x6932
  18:	7032                	.insn	2, 0x7032
  1a:	0031                	.insn	2, 0x0031
