
program.elf:     file format elf32-littleriscv


Disassembly of section .text:

00000100 <write_to_io>:
 100:	fd010113          	addi	sp,sp,-48
 104:	02112623          	sw	ra,44(sp)
 108:	02812423          	sw	s0,40(sp)
 10c:	03010413          	addi	s0,sp,48
 110:	fca42e23          	sw	a0,-36(s0)
 114:	fcb42c23          	sw	a1,-40(s0)
 118:	fdc42703          	lw	a4,-36(s0)
 11c:	000017b7          	lui	a5,0x1
 120:	00f707b3          	add	a5,a4,a5
 124:	fef42623          	sw	a5,-20(s0)
 128:	fec42783          	lw	a5,-20(s0)
 12c:	fd842703          	lw	a4,-40(s0)
 130:	00e7a023          	sw	a4,0(a5) # 1000 <_start+0xd38>
 134:	00000013          	nop
 138:	02c12083          	lw	ra,44(sp)
 13c:	02812403          	lw	s0,40(sp)
 140:	03010113          	addi	sp,sp,48
 144:	00008067          	ret

00000148 <main>:
 148:	fd010113          	addi	sp,sp,-48
 14c:	02112623          	sw	ra,44(sp)
 150:	02812423          	sw	s0,40(sp)
 154:	02912223          	sw	s1,36(sp)
 158:	03010413          	addi	s0,sp,48
 15c:	00010313          	mv	t1,sp
 160:	00030493          	mv	s1,t1
 164:	00a00313          	li	t1,10
 168:	fe642223          	sw	t1,-28(s0)
 16c:	fe442303          	lw	t1,-28(s0)
 170:	fff30e13          	addi	t3,t1,-1
 174:	ffc42023          	sw	t3,-32(s0)
 178:	00030e13          	mv	t3,t1
 17c:	000e0813          	mv	a6,t3
 180:	00000893          	li	a7,0
 184:	01b85e13          	srli	t3,a6,0x1b
 188:	00589693          	slli	a3,a7,0x5
 18c:	00de66b3          	or	a3,t3,a3
 190:	00581613          	slli	a2,a6,0x5
 194:	00030693          	mv	a3,t1
 198:	00068513          	mv	a0,a3
 19c:	00000593          	li	a1,0
 1a0:	01b55693          	srli	a3,a0,0x1b
 1a4:	00559793          	slli	a5,a1,0x5
 1a8:	00f6e7b3          	or	a5,a3,a5
 1ac:	00551713          	slli	a4,a0,0x5
 1b0:	00030793          	mv	a5,t1
 1b4:	00279793          	slli	a5,a5,0x2
 1b8:	00f78793          	addi	a5,a5,15
 1bc:	0047d793          	srli	a5,a5,0x4
 1c0:	00479793          	slli	a5,a5,0x4
 1c4:	40f10133          	sub	sp,sp,a5
 1c8:	00010793          	mv	a5,sp
 1cc:	00378793          	addi	a5,a5,3
 1d0:	0027d793          	srli	a5,a5,0x2
 1d4:	00279793          	slli	a5,a5,0x2
 1d8:	fcf42e23          	sw	a5,-36(s0)
 1dc:	fdc42783          	lw	a5,-36(s0)
 1e0:	0007a023          	sw	zero,0(a5)
 1e4:	fdc42783          	lw	a5,-36(s0)
 1e8:	00100713          	li	a4,1
 1ec:	00e7a223          	sw	a4,4(a5)
 1f0:	00200793          	li	a5,2
 1f4:	fef42623          	sw	a5,-20(s0)
 1f8:	0580006f          	j	250 <main+0x108>
 1fc:	fec42783          	lw	a5,-20(s0)
 200:	fff78793          	addi	a5,a5,-1
 204:	fdc42703          	lw	a4,-36(s0)
 208:	00279793          	slli	a5,a5,0x2
 20c:	00f707b3          	add	a5,a4,a5
 210:	0007a703          	lw	a4,0(a5)
 214:	fec42783          	lw	a5,-20(s0)
 218:	ffe78793          	addi	a5,a5,-2
 21c:	fdc42683          	lw	a3,-36(s0)
 220:	00279793          	slli	a5,a5,0x2
 224:	00f687b3          	add	a5,a3,a5
 228:	0007a783          	lw	a5,0(a5)
 22c:	00f70733          	add	a4,a4,a5
 230:	fdc42683          	lw	a3,-36(s0)
 234:	fec42783          	lw	a5,-20(s0)
 238:	00279793          	slli	a5,a5,0x2
 23c:	00f687b3          	add	a5,a3,a5
 240:	00e7a023          	sw	a4,0(a5)
 244:	fec42783          	lw	a5,-20(s0)
 248:	00178793          	addi	a5,a5,1
 24c:	fef42623          	sw	a5,-20(s0)
 250:	fec42703          	lw	a4,-20(s0)
 254:	fe442783          	lw	a5,-28(s0)
 258:	faf742e3          	blt	a4,a5,1fc <main+0xb4>
 25c:	fe042423          	sw	zero,-24(s0)
 260:	0380006f          	j	298 <main+0x150>
 264:	fe842783          	lw	a5,-24(s0)
 268:	00279693          	slli	a3,a5,0x2
 26c:	fdc42703          	lw	a4,-36(s0)
 270:	fe842783          	lw	a5,-24(s0)
 274:	00279793          	slli	a5,a5,0x2
 278:	00f707b3          	add	a5,a4,a5
 27c:	0007a783          	lw	a5,0(a5)
 280:	00078593          	mv	a1,a5
 284:	00068513          	mv	a0,a3
 288:	e79ff0ef          	jal	100 <write_to_io>
 28c:	fe842783          	lw	a5,-24(s0)
 290:	00178793          	addi	a5,a5,1
 294:	fef42423          	sw	a5,-24(s0)
 298:	fe842703          	lw	a4,-24(s0)
 29c:	fe442783          	lw	a5,-28(s0)
 2a0:	fcf742e3          	blt	a4,a5,264 <main+0x11c>
 2a4:	00000793          	li	a5,0
 2a8:	00048113          	mv	sp,s1
 2ac:	00078513          	mv	a0,a5
 2b0:	fd040113          	addi	sp,s0,-48
 2b4:	02c12083          	lw	ra,44(sp)
 2b8:	02812403          	lw	s0,40(sp)
 2bc:	02412483          	lw	s1,36(sp)
 2c0:	03010113          	addi	sp,sp,48
 2c4:	00008067          	ret

000002c8 <_start>:
 2c8:	00010117          	auipc	sp,0x10
 2cc:	d3810113          	addi	sp,sp,-712 # 10000 <_stack_top>
 2d0:	e79ff0ef          	jal	148 <main>
 2d4:	ff5ff06f          	j	2c8 <_start>

Disassembly of section .data:

00010000 <_stack_top>:
   10000:	0000                	.insn	2, 0x
   10002:	0002                	.insn	2, 0x0002

Disassembly of section .comment:

00000000 <.comment>:
   0:	3a434347          	.insn	4, 0x3a434347
   4:	2820                	.insn	2, 0x2820
   6:	36343067          	.insn	4, 0x36343067
   a:	3639                	.insn	2, 0x3639
   c:	6664                	.insn	2, 0x6664
   e:	3930                	.insn	2, 0x3930
  10:	3336                	.insn	2, 0x3336
  12:	2029                	.insn	2, 0x2029
  14:	3431                	.insn	2, 0x3431
  16:	322e                	.insn	2, 0x322e
  18:	302e                	.insn	2, 0x302e
	...

Disassembly of section .riscv.attributes:

00000000 <.riscv.attributes>:
   0:	1b41                	.insn	2, 0x1b41
   2:	0000                	.insn	2, 0x
   4:	7200                	.insn	2, 0x7200
   6:	7369                	.insn	2, 0x7369
   8:	01007663          	bgeu	zero,a6,14 <write_to_io-0xec>
   c:	0011                	.insn	2, 0x0011
   e:	0000                	.insn	2, 0x
  10:	1004                	.insn	2, 0x1004
  12:	7205                	.insn	2, 0x7205
  14:	3376                	.insn	2, 0x3376
  16:	6932                	.insn	2, 0x6932
  18:	7032                	.insn	2, 0x7032
  1a:	0031                	.insn	2, 0x0031
